[0.006s] Invoking command in '/home/cly/fafo/d1_multithreaded_robot_status_monitor/build/multithreaded_robot_status_monitor': CMAKE_PREFIX_PATH=${CMAKE_PREFIX_PATH}:/opt/ros/humble /usr/bin/cmake /home/cly/fafo/d1_multithreaded_robot_status_monitor/src/multithreaded_robot_status_monitor -DCMAKE_INSTALL_PREFIX=/home/cly/fafo/d1_multithreaded_robot_status_monitor/install/multithreaded_robot_status_monitor
[0.040s] -- The C compiler identification is GNU 11.4.0
[0.081s] -- The CXX compiler identification is GNU 11.4.0
[0.087s] -- Detecting C compiler ABI info
[0.133s] -- Detecting C compiler ABI info - done
[0.137s] -- Check for working C compiler: /usr/bin/cc - skipped
[0.137s] -- Detecting C compile features
[0.138s] -- Detecting C compile features - done
[0.139s] -- Detecting CXX compiler ABI info
[0.191s] -- Detecting CXX compiler ABI info - done
[0.196s] -- Check for working CXX compiler: /usr/bin/c++ - skipped
[0.196s] -- Detecting CXX compile features
[0.197s] -- Detecting CXX compile features - done
[0.198s] -- Found ament_cmake: 1.3.14 (/opt/ros/humble/share/ament_cmake/cmake)
[0.297s] -- Found Python3: /usr/bin/python3 (found version "3.10.12") found components: Interpreter 
[0.351s] -- Found rclcpp: 16.0.19 (/opt/ros/humble/share/rclcpp/cmake)
[0.372s] -- Found rosidl_generator_c: 3.1.9 (/opt/ros/humble/share/rosidl_generator_c/cmake)
[0.374s] -- Found rosidl_adapter: 3.1.9 (/opt/ros/humble/share/rosidl_adapter/cmake)
[0.379s] -- Found rosidl_generator_cpp: 3.1.9 (/opt/ros/humble/share/rosidl_generator_cpp/cmake)
[0.385s] -- Using all available rosidl_typesupport_c: rosidl_typesupport_fastrtps_c;rosidl_typesupport_introspection_c
[0.394s] -- Using all available rosidl_typesupport_cpp: rosidl_typesupport_fastrtps_cpp;rosidl_typesupport_introspection_cpp
[0.418s] -- Found rmw_implementation_cmake: 6.1.2 (/opt/ros/humble/share/rmw_implementation_cmake/cmake)
[0.419s] -- Found rmw_fastrtps_cpp: 6.2.10 (/opt/ros/humble/share/rmw_fastrtps_cpp/cmake)
[0.467s] -- Found OpenSSL: /usr/lib/x86_64-linux-gnu/libcrypto.so (found version "3.0.2")  
[0.483s] -- Found FastRTPS: /opt/ros/humble/include  
[0.511s] -- Using RMW implementation 'rmw_fastrtps_cpp' as default
[0.516s] -- Looking for pthread.h
[0.562s] -- Looking for pthread.h - found
[0.563s] -- Performing Test CMAKE_HAVE_LIBC_PTHREAD
[0.614s] -- Performing Test CMAKE_HAVE_LIBC_PTHREAD - Success
[0.615s] -- Found Threads: TRUE  
[0.649s] -- Found ament_lint_auto: 0.12.15 (/opt/ros/humble/share/ament_lint_auto/cmake)
[0.690s] [31mCMake Error at /opt/ros/humble/share/ament_cmake_core/cmake/core/ament_package_xml.cmake:53 (message):
[0.690s]   ament_package_xml() package name 'multithreaded_robot_status_monitor' in
[0.690s]   '/package.xml' does not match current PROJECT_NAME
[0.690s]   'multithreaded_robot_monitor'.  You must call project() with the same
[0.690s]   package name before.
[0.691s] Call Stack (most recent call first):
[0.691s]   /opt/ros/humble/share/ament_lint_auto/cmake/ament_lint_auto_find_test_dependencies.cmake:31 (ament_package_xml)
[0.691s]   CMakeLists.txt:22 (ament_lint_auto_find_test_dependencies)
[0.691s] 
[0.691s] [0m
[0.691s] -- Configuring incomplete, errors occurred!
[0.691s] See also "/home/cly/fafo/d1_multithreaded_robot_status_monitor/build/multithreaded_robot_status_monitor/CMakeFiles/CMakeOutput.log".
[0.697s] Invoked command in '/home/cly/fafo/d1_multithreaded_robot_status_monitor/build/multithreaded_robot_status_monitor' returned '1': CMAKE_PREFIX_PATH=${CMAKE_PREFIX_PATH}:/opt/ros/humble /usr/bin/cmake /home/cly/fafo/d1_multithreaded_robot_status_monitor/src/multithreaded_robot_status_monitor -DCMAKE_INSTALL_PREFIX=/home/cly/fafo/d1_multithreaded_robot_status_monitor/install/multithreaded_robot_status_monitor
