[0.006s] Invoking command in '/home/cly/fafo/d1_multithreaded_robot_status_monitor/build/multithreaded_robot_status_monitor': CMAKE_PREFIX_PATH=${CMAKE_PREFIX_PATH}:/opt/ros/humble /usr/bin/cmake --build /home/cly/fafo/d1_multithreaded_robot_status_monitor/build/multithreaded_robot_status_monitor -- -j8 -l8
[0.021s] -- Found ament_cmake: 1.3.14 (/opt/ros/humble/share/ament_cmake/cmake)
[0.099s] -- Found rclcpp: 16.0.19 (/opt/ros/humble/share/rclcpp/cmake)
[0.117s] -- Found rosidl_generator_c: 3.1.9 (/opt/ros/humble/share/rosidl_generator_c/cmake)
[0.118s] -- Found rosidl_adapter: 3.1.9 (/opt/ros/humble/share/rosidl_adapter/cmake)
[0.122s] -- Found rosidl_generator_cpp: 3.1.9 (/opt/ros/humble/share/rosidl_generator_cpp/cmake)
[0.128s] -- Using all available rosidl_typesupport_c: rosidl_typesupport_fastrtps_c;rosidl_typesupport_introspection_c
[0.135s] -- Using all available rosidl_typesupport_cpp: rosidl_typesupport_fastrtps_cpp;rosidl_typesupport_introspection_cpp
[0.155s] -- Found rmw_implementation_cmake: 6.1.2 (/opt/ros/humble/share/rmw_implementation_cmake/cmake)
[0.156s] -- Found rmw_fastrtps_cpp: 6.2.10 (/opt/ros/humble/share/rmw_fastrtps_cpp/cmake)
[0.215s] -- Using RMW implementation 'rmw_fastrtps_cpp' as default
[0.246s] -- Found ament_lint_auto: 0.12.15 (/opt/ros/humble/share/ament_lint_auto/cmake)
[0.288s] -- Added test 'cppcheck' to perform static code analysis on C / C++ code
[0.288s] -- Configured cppcheck include dirs: 
[0.288s] -- Configured cppcheck exclude dirs and/or files: 
[0.288s] -- Added test 'lint_cmake' to check CMake code style
[0.289s] -- Added test 'uncrustify' to check C / C++ code style
[0.289s] -- Configured uncrustify additional arguments: 
[0.289s] -- Added test 'xmllint' to check XML markup files
[0.289s] -- Configuring done
[0.294s] -- Generating done
[0.297s] -- Build files have been written to: /home/cly/fafo/d1_multithreaded_robot_status_monitor/build/multithreaded_robot_status_monitor
[0.313s] [35m[1mConsolidate compiler generated dependencies of target status_monitor_node[0m
[0.320s] [100%] Built target status_monitor_node
[0.327s] Invoked command in '/home/cly/fafo/d1_multithreaded_robot_status_monitor/build/multithreaded_robot_status_monitor' returned '0': CMAKE_PREFIX_PATH=${CMAKE_PREFIX_PATH}:/opt/ros/humble /usr/bin/cmake --build /home/cly/fafo/d1_multithreaded_robot_status_monitor/build/multithreaded_robot_status_monitor -- -j8 -l8
[0.333s] Invoking command in '/home/cly/fafo/d1_multithreaded_robot_status_monitor/build/multithreaded_robot_status_monitor': CMAKE_PREFIX_PATH=${CMAKE_PREFIX_PATH}:/opt/ros/humble /usr/bin/cmake --install /home/cly/fafo/d1_multithreaded_robot_status_monitor/build/multithreaded_robot_status_monitor
[0.338s] -- Install configuration: ""
[0.338s] -- Up-to-date: /home/cly/fafo/d1_multithreaded_robot_status_monitor/install/multithreaded_robot_status_monitor/lib/multithreaded_robot_status_monitor/status_monitor_node
[0.338s] -- Up-to-date: /home/cly/fafo/d1_multithreaded_robot_status_monitor/install/multithreaded_robot_status_monitor/share/ament_index/resource_index/package_run_dependencies/multithreaded_robot_status_monitor
[0.338s] -- Up-to-date: /home/cly/fafo/d1_multithreaded_robot_status_monitor/install/multithreaded_robot_status_monitor/share/ament_index/resource_index/parent_prefix_path/multithreaded_robot_status_monitor
[0.338s] -- Up-to-date: /home/cly/fafo/d1_multithreaded_robot_status_monitor/install/multithreaded_robot_status_monitor/share/multithreaded_robot_status_monitor/environment/ament_prefix_path.sh
[0.338s] -- Installing: /home/cly/fafo/d1_multithreaded_robot_status_monitor/install/multithreaded_robot_status_monitor/share/multithreaded_robot_status_monitor/environment/ament_prefix_path.dsv
[0.338s] -- Up-to-date: /home/cly/fafo/d1_multithreaded_robot_status_monitor/install/multithreaded_robot_status_monitor/share/multithreaded_robot_status_monitor/environment/path.sh
[0.338s] -- Installing: /home/cly/fafo/d1_multithreaded_robot_status_monitor/install/multithreaded_robot_status_monitor/share/multithreaded_robot_status_monitor/environment/path.dsv
[0.338s] -- Up-to-date: /home/cly/fafo/d1_multithreaded_robot_status_monitor/install/multithreaded_robot_status_monitor/share/multithreaded_robot_status_monitor/local_setup.bash
[0.338s] -- Up-to-date: /home/cly/fafo/d1_multithreaded_robot_status_monitor/install/multithreaded_robot_status_monitor/share/multithreaded_robot_status_monitor/local_setup.sh
[0.338s] -- Up-to-date: /home/cly/fafo/d1_multithreaded_robot_status_monitor/install/multithreaded_robot_status_monitor/share/multithreaded_robot_status_monitor/local_setup.zsh
[0.338s] -- Installing: /home/cly/fafo/d1_multithreaded_robot_status_monitor/install/multithreaded_robot_status_monitor/share/multithreaded_robot_status_monitor/local_setup.dsv
[0.338s] -- Installing: /home/cly/fafo/d1_multithreaded_robot_status_monitor/install/multithreaded_robot_status_monitor/share/multithreaded_robot_status_monitor/package.dsv
[0.338s] -- Up-to-date: /home/cly/fafo/d1_multithreaded_robot_status_monitor/install/multithreaded_robot_status_monitor/share/ament_index/resource_index/packages/multithreaded_robot_status_monitor
[0.338s] -- Up-to-date: /home/cly/fafo/d1_multithreaded_robot_status_monitor/install/multithreaded_robot_status_monitor/share/multithreaded_robot_status_monitor/cmake/multithreaded_robot_status_monitorConfig.cmake
[0.338s] -- Up-to-date: /home/cly/fafo/d1_multithreaded_robot_status_monitor/install/multithreaded_robot_status_monitor/share/multithreaded_robot_status_monitor/cmake/multithreaded_robot_status_monitorConfig-version.cmake
[0.338s] -- Up-to-date: /home/cly/fafo/d1_multithreaded_robot_status_monitor/install/multithreaded_robot_status_monitor/share/multithreaded_robot_status_monitor/package.xml
[0.339s] Invoked command in '/home/cly/fafo/d1_multithreaded_robot_status_monitor/build/multithreaded_robot_status_monitor' returned '0': CMAKE_PREFIX_PATH=${CMAKE_PREFIX_PATH}:/opt/ros/humble /usr/bin/cmake --install /home/cly/fafo/d1_multithreaded_robot_status_monitor/build/multithreaded_robot_status_monitor
