[0.007s] Invoking command in '/home/cly/fafo/d1_multithreaded_robot_status_monitor/build/multithreaded_robot_status_monitor': CMAKE_PREFIX_PATH=${CMAKE_PREFIX_PATH}:/opt/ros/humble /usr/bin/cmake /home/cly/fafo/d1_multithreaded_robot_status_monitor/src/multithreaded_robot_status_monitor -DCMAKE_INSTALL_PREFIX=/home/cly/fafo/d1_multithreaded_robot_status_monitor/install/multithreaded_robot_status_monitor
[0.014s] -- Found ament_cmake: 1.3.14 (/opt/ros/humble/share/ament_cmake/cmake)
[0.092s] -- Found rclcpp: 16.0.19 (/opt/ros/humble/share/rclcpp/cmake)
[0.109s] -- Found rosidl_generator_c: 3.1.9 (/opt/ros/humble/share/rosidl_generator_c/cmake)
[0.111s] -- Found rosidl_adapter: 3.1.9 (/opt/ros/humble/share/rosidl_adapter/cmake)
[0.115s] -- Found rosidl_generator_cpp: 3.1.9 (/opt/ros/humble/share/rosidl_generator_cpp/cmake)
[0.121s] -- Using all available rosidl_typesupport_c: rosidl_typesupport_fastrtps_c;rosidl_typesupport_introspection_c
[0.129s] -- Using all available rosidl_typesupport_cpp: rosidl_typesupport_fastrtps_cpp;rosidl_typesupport_introspection_cpp
[0.149s] -- Found rmw_implementation_cmake: 6.1.2 (/opt/ros/humble/share/rmw_implementation_cmake/cmake)
[0.150s] -- Found rmw_fastrtps_cpp: 6.2.10 (/opt/ros/humble/share/rmw_fastrtps_cpp/cmake)
[0.209s] -- Using RMW implementation 'rmw_fastrtps_cpp' as default
[0.242s] -- Found ament_lint_auto: 0.12.15 (/opt/ros/humble/share/ament_lint_auto/cmake)
[0.288s] -- Added test 'cppcheck' to perform static code analysis on C / C++ code
[0.288s] -- Configured cppcheck include dirs: 
[0.289s] -- Configured cppcheck exclude dirs and/or files: 
[0.289s] -- Added test 'lint_cmake' to check CMake code style
[0.289s] -- Added test 'uncrustify' to check C / C++ code style
[0.289s] -- Configured uncrustify additional arguments: 
[0.290s] -- Added test 'xmllint' to check XML markup files
[0.291s] -- Configuring done
[0.296s] -- Generating done
[0.298s] -- Build files have been written to: /home/cly/fafo/d1_multithreaded_robot_status_monitor/build/multithreaded_robot_status_monitor
[0.303s] Invoked command in '/home/cly/fafo/d1_multithreaded_robot_status_monitor/build/multithreaded_robot_status_monitor' returned '0': CMAKE_PREFIX_PATH=${CMAKE_PREFIX_PATH}:/opt/ros/humble /usr/bin/cmake /home/cly/fafo/d1_multithreaded_robot_status_monitor/src/multithreaded_robot_status_monitor -DCMAKE_INSTALL_PREFIX=/home/cly/fafo/d1_multithreaded_robot_status_monitor/install/multithreaded_robot_status_monitor
[0.304s] Invoking command in '/home/cly/fafo/d1_multithreaded_robot_status_monitor/build/multithreaded_robot_status_monitor': CMAKE_PREFIX_PATH=${CMAKE_PREFIX_PATH}:/opt/ros/humble /usr/bin/cmake --build /home/cly/fafo/d1_multithreaded_robot_status_monitor/build/multithreaded_robot_status_monitor -- -j8 -l8
[0.335s] [ 50%] [32mBuilding CXX object CMakeFiles/status_monitor_node.dir/src/status_monitor_node.cpp.o[0m
[0.350s] [100%] [32m[1mLinking CXX executable status_monitor_node[0m
[0.394s] [100%] Built target status_monitor_node
[0.403s] Invoked command in '/home/cly/fafo/d1_multithreaded_robot_status_monitor/build/multithreaded_robot_status_monitor' returned '0': CMAKE_PREFIX_PATH=${CMAKE_PREFIX_PATH}:/opt/ros/humble /usr/bin/cmake --build /home/cly/fafo/d1_multithreaded_robot_status_monitor/build/multithreaded_robot_status_monitor -- -j8 -l8
[0.410s] Invoking command in '/home/cly/fafo/d1_multithreaded_robot_status_monitor/build/multithreaded_robot_status_monitor': CMAKE_PREFIX_PATH=${CMAKE_PREFIX_PATH}:/opt/ros/humble /usr/bin/cmake --install /home/cly/fafo/d1_multithreaded_robot_status_monitor/build/multithreaded_robot_status_monitor
[0.415s] -- Install configuration: ""
[0.415s] -- Installing: /home/cly/fafo/d1_multithreaded_robot_status_monitor/install/multithreaded_robot_status_monitor/lib/multithreaded_robot_status_monitor/status_monitor_node
[0.415s] -- Set runtime path of "/home/cly/fafo/d1_multithreaded_robot_status_monitor/install/multithreaded_robot_status_monitor/lib/multithreaded_robot_status_monitor/status_monitor_node" to ""
[0.415s] -- Installing: /home/cly/fafo/d1_multithreaded_robot_status_monitor/install/multithreaded_robot_status_monitor/share/ament_index/resource_index/package_run_dependencies/multithreaded_robot_status_monitor
[0.415s] -- Installing: /home/cly/fafo/d1_multithreaded_robot_status_monitor/install/multithreaded_robot_status_monitor/share/ament_index/resource_index/parent_prefix_path/multithreaded_robot_status_monitor
[0.415s] -- Installing: /home/cly/fafo/d1_multithreaded_robot_status_monitor/install/multithreaded_robot_status_monitor/share/multithreaded_robot_status_monitor/environment/ament_prefix_path.sh
[0.415s] -- Installing: /home/cly/fafo/d1_multithreaded_robot_status_monitor/install/multithreaded_robot_status_monitor/share/multithreaded_robot_status_monitor/environment/ament_prefix_path.dsv
[0.416s] -- Installing: /home/cly/fafo/d1_multithreaded_robot_status_monitor/install/multithreaded_robot_status_monitor/share/multithreaded_robot_status_monitor/environment/path.sh
[0.416s] -- Installing: /home/cly/fafo/d1_multithreaded_robot_status_monitor/install/multithreaded_robot_status_monitor/share/multithreaded_robot_status_monitor/environment/path.dsv
[0.416s] -- Installing: /home/cly/fafo/d1_multithreaded_robot_status_monitor/install/multithreaded_robot_status_monitor/share/multithreaded_robot_status_monitor/local_setup.bash
[0.416s] -- Installing: /home/cly/fafo/d1_multithreaded_robot_status_monitor/install/multithreaded_robot_status_monitor/share/multithreaded_robot_status_monitor/local_setup.sh
[0.416s] -- Installing: /home/cly/fafo/d1_multithreaded_robot_status_monitor/install/multithreaded_robot_status_monitor/share/multithreaded_robot_status_monitor/local_setup.zsh
[0.416s] -- Installing: /home/cly/fafo/d1_multithreaded_robot_status_monitor/install/multithreaded_robot_status_monitor/share/multithreaded_robot_status_monitor/local_setup.dsv
[0.416s] -- Installing: /home/cly/fafo/d1_multithreaded_robot_status_monitor/install/multithreaded_robot_status_monitor/share/multithreaded_robot_status_monitor/package.dsv
[0.416s] -- Installing: /home/cly/fafo/d1_multithreaded_robot_status_monitor/install/multithreaded_robot_status_monitor/share/ament_index/resource_index/packages/multithreaded_robot_status_monitor
[0.416s] -- Installing: /home/cly/fafo/d1_multithreaded_robot_status_monitor/install/multithreaded_robot_status_monitor/share/multithreaded_robot_status_monitor/cmake/multithreaded_robot_status_monitorConfig.cmake
[0.417s] -- Installing: /home/cly/fafo/d1_multithreaded_robot_status_monitor/install/multithreaded_robot_status_monitor/share/multithreaded_robot_status_monitor/cmake/multithreaded_robot_status_monitorConfig-version.cmake
[0.417s] -- Installing: /home/cly/fafo/d1_multithreaded_robot_status_monitor/install/multithreaded_robot_status_monitor/share/multithreaded_robot_status_monitor/package.xml
[0.418s] Invoked command in '/home/cly/fafo/d1_multithreaded_robot_status_monitor/build/multithreaded_robot_status_monitor' returned '0': CMAKE_PREFIX_PATH=${CMAKE_PREFIX_PATH}:/opt/ros/humble /usr/bin/cmake --install /home/cly/fafo/d1_multithreaded_robot_status_monitor/build/multithreaded_robot_status_monitor
