[0.007s] Invoking command in '/home/cly/fafo/d1_multithreaded_robot_status_monitor/build/multithreaded_robot_status_monitor': CMAKE_PREFIX_PATH=${CMAKE_PREFIX_PATH}:/opt/ros/humble /usr/bin/cmake /home/cly/fafo/d1_multithreaded_robot_status_monitor/src/multithreaded_robot_status_monitor -DCMAKE_INSTALL_PREFIX=/home/cly/fafo/d1_multithreaded_robot_status_monitor/install/multithreaded_robot_status_monitor
[0.014s] -- Found ament_cmake: 1.3.14 (/opt/ros/humble/share/ament_cmake/cmake)
[0.104s] -- Found rclcpp: 16.0.19 (/opt/ros/humble/share/rclcpp/cmake)
[0.122s] -- Found rosidl_generator_c: 3.1.9 (/opt/ros/humble/share/rosidl_generator_c/cmake)
[0.123s] -- Found rosidl_adapter: 3.1.9 (/opt/ros/humble/share/rosidl_adapter/cmake)
[0.127s] -- Found rosidl_generator_cpp: 3.1.9 (/opt/ros/humble/share/rosidl_generator_cpp/cmake)
[0.133s] -- Using all available rosidl_typesupport_c: rosidl_typesupport_fastrtps_c;rosidl_typesupport_introspection_c
[0.140s] -- Using all available rosidl_typesupport_cpp: rosidl_typesupport_fastrtps_cpp;rosidl_typesupport_introspection_cpp
[0.160s] -- Found rmw_implementation_cmake: 6.1.2 (/opt/ros/humble/share/rmw_implementation_cmake/cmake)
[0.161s] -- Found rmw_fastrtps_cpp: 6.2.10 (/opt/ros/humble/share/rmw_fastrtps_cpp/cmake)
[0.220s] -- Using RMW implementation 'rmw_fastrtps_cpp' as default
[0.251s] -- Found ament_lint_auto: 0.12.15 (/opt/ros/humble/share/ament_lint_auto/cmake)
[0.289s] [31mCMake Error at /opt/ros/humble/share/ament_cmake_core/cmake/core/ament_package_xml.cmake:53 (message):
[0.289s]   ament_package_xml() package name 'multithreaded_robot_status_monitor' in
[0.289s]   '/package.xml' does not match current PROJECT_NAME
[0.289s]   'multithreaded_robot_monitor'.  You must call project() with the same
[0.289s]   package name before.
[0.289s] Call Stack (most recent call first):
[0.289s]   /opt/ros/humble/share/ament_lint_auto/cmake/ament_lint_auto_find_test_dependencies.cmake:31 (ament_package_xml)
[0.289s]   CMakeLists.txt:22 (ament_lint_auto_find_test_dependencies)
[0.289s] 
[0.289s] [0m
[0.289s] -- Configuring incomplete, errors occurred!
[0.290s] See also "/home/cly/fafo/d1_multithreaded_robot_status_monitor/build/multithreaded_robot_status_monitor/CMakeFiles/CMakeOutput.log".
[0.294s] Invoked command in '/home/cly/fafo/d1_multithreaded_robot_status_monitor/build/multithreaded_robot_status_monitor' returned '1': CMAKE_PREFIX_PATH=${CMAKE_PREFIX_PATH}:/opt/ros/humble /usr/bin/cmake /home/cly/fafo/d1_multithreaded_robot_status_monitor/src/multithreaded_robot_status_monitor -DCMAKE_INSTALL_PREFIX=/home/cly/fafo/d1_multithreaded_robot_status_monitor/install/multithreaded_robot_status_monitor
