[0.006s] Invoking command in '/home/cly/fafo/d1_multithreaded_robot_status_monitor/build/multithreaded_robot_status_monitor': CMAKE_PREFIX_PATH=${CMAKE_PREFIX_PATH}:/opt/ros/humble /usr/bin/cmake /home/cly/fafo/d1_multithreaded_robot_status_monitor/src/multithreaded_robot_status_monitor -DCMAKE_INSTALL_PREFIX=/home/cly/fafo/d1_multithreaded_robot_status_monitor/install/multithreaded_robot_status_monitor
[0.014s] -- Found ament_cmake: 1.3.14 (/opt/ros/humble/share/ament_cmake/cmake)
[0.093s] -- Found rclcpp: 16.0.19 (/opt/ros/humble/share/rclcpp/cmake)
[0.109s] -- Found rosidl_generator_c: 3.1.9 (/opt/ros/humble/share/rosidl_generator_c/cmake)
[0.111s] -- Found rosidl_adapter: 3.1.9 (/opt/ros/humble/share/rosidl_adapter/cmake)
[0.114s] -- Found rosidl_generator_cpp: 3.1.9 (/opt/ros/humble/share/rosidl_generator_cpp/cmake)
[0.121s] -- Using all available rosidl_typesupport_c: rosidl_typesupport_fastrtps_c;rosidl_typesupport_introspection_c
[0.129s] -- Using all available rosidl_typesupport_cpp: rosidl_typesupport_fastrtps_cpp;rosidl_typesupport_introspection_cpp
[0.152s] -- Found rmw_implementation_cmake: 6.1.2 (/opt/ros/humble/share/rmw_implementation_cmake/cmake)
[0.153s] -- Found rmw_fastrtps_cpp: 6.2.10 (/opt/ros/humble/share/rmw_fastrtps_cpp/cmake)
[0.242s] -- Using RMW implementation 'rmw_fastrtps_cpp' as default
[0.273s] -- Found ament_lint_auto: 0.12.15 (/opt/ros/humble/share/ament_lint_auto/cmake)
[0.310s] [31mCMake Error at /opt/ros/humble/share/ament_cmake_core/cmake/core/ament_package_xml.cmake:53 (message):
[0.310s]   ament_package_xml() package name 'multithreaded_robot_status_monitor' in
[0.310s]   '/package.xml' does not match current PROJECT_NAME
[0.311s]   'multithreaded_robot_monitor'.  You must call project() with the same
[0.311s]   package name before.
[0.311s] Call Stack (most recent call first):
[0.311s]   /opt/ros/humble/share/ament_lint_auto/cmake/ament_lint_auto_find_test_dependencies.cmake:31 (ament_package_xml)
[0.311s]   CMakeLists.txt:22 (ament_lint_auto_find_test_dependencies)
[0.311s] 
[0.311s] [0m
[0.311s] -- Configuring incomplete, errors occurred!
[0.311s] See also "/home/cly/fafo/d1_multithreaded_robot_status_monitor/build/multithreaded_robot_status_monitor/CMakeFiles/CMakeOutput.log".
[0.316s] Invoked command in '/home/cly/fafo/d1_multithreaded_robot_status_monitor/build/multithreaded_robot_status_monitor' returned '1': CMAKE_PREFIX_PATH=${CMAKE_PREFIX_PATH}:/opt/ros/humble /usr/bin/cmake /home/cly/fafo/d1_multithreaded_robot_status_monitor/src/multithreaded_robot_status_monitor -DCMAKE_INSTALL_PREFIX=/home/cly/fafo/d1_multithreaded_robot_status_monitor/install/multithreaded_robot_status_monitor
